make all --print-data-base --no-builtin-variables --no-builtin-rules --question
# GNU Make 3.81
# Copyright (C) 2006  Free Software Foundation, Inc.
# This is free software; see the source for copying conditions.
# There is NO warranty; not even for MERCHANTABILITY or FITNESS FOR A
# PARTICULAR PURPOSE.

# This program built for i386-apple-darwin11.3.0
 

# Make data base, printed on Mon Jan 23 12:16:12 2023

# Variables

# automatic
<D = $(patsubst %/,%,$(dir $<))
# automatic
?F = $(notdir $?)
# makefile (from `Makefile', line 31)
OBJ = ${SRC:%.c=%.o}
# makefile (from `Makefile', line 26)
SRC_BNS = checker.c ft_atoi.c big_sort.c ft_lstadd_back.c ft_lstadd_front.c ft_lstlast.c ft_lstsize.c instriction.c instriction2.c push_swap_utils.c utils.c ft_lstnew.c ft_putstr_fd.c get_next_line.c get_next_line_utils.c utils2.c ft_split.c 
# makefile (from `Makefile', line 21)
 
SRC = ft_atoi.c big_sort.c ft_lstadd_back.c ft_lstadd_front.c ft_lstlast.c ft_lstsize.c instriction.c instriction2.c push_swap_utils.c utils.c ft_lstnew.c ft_putstr_fd.c ft_big_sort.c easy_sort.c push_swap.c ft_five_numbers.c utils2.c get_next_line_utils.c ft_split.c 
# automatic
?D = $(patsubst %/,%,$(dir $?))
# automatic
@D = $(patsubst %/,%,$(dir $@))
# automatic
@F = $(notdir $@)
# makefile
CURDIR := /Users/aben-nei/Desktop/42Cursus/push_swap_V3
# makefile
SHELL = /bin/sh
# makefile (from `Makefile', line 17)
RM = rm -rf
# environment
VSCODE_NLS_CONFIG = {"locale":"en-us","availableLanguages":{},"_languagePackSupport":true}
# environment
_ = /usr/bin/make
# makefile (from `Makefile', line 14)
CFLAGS = -Wall -Wextra -Werror
# makefile (from `Makefile', line 1)
MAKEFILE_LIST :=  Makefile
# makefile (from `Makefile', line 18)
OBJ_DIR = obj/
# makefile (from `Makefile', line 32)
OBJS = ${addprefix $(OBJ_DIR),$(OBJ)}
# environment
P9K_SSH = 0
# environment
VSCODE_CWD = /
# environment
Apple_PubSub_Socket_Render = /private/tmp/com.apple.launchd.TfGrIkJPqP/Render
# environment
PATH = /Users/aben-nei/goinfre/.brew/bin:/usr/local/bin:/usr/bin:/bin:/usr/sbin:/sbin:/usr/local/munki:/Library/Frameworks/Mono.framework/Versions/Current/Commands
# environment
LSCOLORS = Gxfxcxdxbxegedabagacad
# environment
ELECTRON_RUN_AS_NODE = 1
# default
.FEATURES := target-specific order-only second-expansion else-if archives jobserver check-symlink
# makefile (from `Makefile', line 33)
OBJ_BNS = ${SRC_BNS:%.c=%.o}
# environment
SSH_AUTH_SOCK = /private/tmp/com.apple.launchd.C96tV0lK9n/Listeners
# automatic
%F = $(notdir $%)
# environment
PWD = /Users/aben-nei/Desktop/42Cursus/push_swap_V3
# makefile (from `Makefile', line 34)
BOBJS = ${addprefix $(OBJ_DIR),$(OBJ_BNS)}
# environment
ORIGINAL_XDG_CURRENT_DESKTOP = undefined
# makefile (from `Makefile', line 19)
HDR = push_swap.h
# environment
VSCODE_AMD_ENTRYPOINT = vs/workbench/api/node/extensionHostProcess
# environment
HOME = /Users/aben-nei
# default
MAKEFILEPATH := /Applications/Xcode.app/Contents/Developer/Makefiles
# environment
VSCODE_CODE_CACHE_PATH = /Users/aben-nei/Library/Application Support/Code/CachedData/97dec172d3256f8ca4bfb2143f3f76b503ca0534
# environment
LOGNAME = aben-nei
# environment
APPLICATION_INSIGHTS_NO_DIAGNOSTIC_CHANNEL = 1
# environment
ZSH = /Users/aben-nei/.oh-my-zsh
# environment
VSCODE_HANDLES_UNCAUGHT_ERRORS = true
# automatic
^D = $(patsubst %/,%,$(dir $^))
# environment
XPC_FLAGS = 0x0
# default
MAKE = $(MAKE_COMMAND)
# default
MAKECMDGOALS := all
# environment
SHLVL = 1
# makefile (from `Makefile', line 13)
CC = cc
# default
MAKE_VERSION := 3.81
# environment
USER = aben-nei
# makefile
.DEFAULT_GOAL := all
# makefile (from `Makefile', line 16)
NAME_BNS = checker
# makefile (from `Makefile', line 15)
NAME = push_swap
# environment
LESS = -R
# automatic
%D = $(patsubst %/,%,$(dir $%))
# default
MAKE_COMMAND := /Applications/Xcode.app/Contents/Developer/usr/bin/make
# default
.VARIABLES := 
# environment
TMPDIR = /var/folders/zz/zyxvpxvq6csfxvn_n000chb400342s/T/
# automatic
*F = $(notdir $*)
# environment
VSCODE_IPC_HOOK = /Users/aben-nei/Library/Application Support/Code/1.74.3-main.sock
# environment
MallocNanoZone = 0
# makefile
MAKEFLAGS = Rrqp
# environment
MFLAGS = -Rrqp
# automatic
*D = $(patsubst %/,%,$(dir $*))
# environment
XPC_SERVICE_NAME = com.apple.xpc.launchd.oneshot.0x10000003.Electron
# automatic
+D = $(patsubst %/,%,$(dir $+))
# automatic
+F = $(notdir $+)
# environment
__CF_USER_TEXT_ENCODING = 0x19059:0x0:0x0
# environment
COMMAND_MODE = unix2003
# default
MAKEFILES := 
# environment
HOMEBREW_NO_AUTO_UPDATE = 1
# automatic
<F = $(notdir $<)
# environment
PAGER = less
# environment
LC_ALL = C
# environment
SECURITYSESSIONID = 186a8
# automatic
^F = $(notdir $^)
# default
SUFFIXES := 
# default
.INCLUDE_DIRS = /usr/local/include
# environment
MAKELEVEL := 0
# environment
LANG = C
# environment
VSCODE_PID = 8772
# variable set hash-table stats:
# Load=78/1024=8%, Rehash=0, Collisions=7/119=6%

# Pattern-specific Variable Values

# No pattern-specific variable values.

# Directories

# . (device 16777227, inode 3529555): 39 files, no impossibilities.

# 39 files, no impossibilities in 1 directories.

# Implicit Rules
 

obj/%.o: %.c push_swap.h
#  commands to execute (from `Makefile', line 50):
	${CC} ${CFLAGS} -c $< -o $@
	

# 1 implicit rules, 0 (0.0%) terminal.

# Files

# Not a target:
ft_lstadd_front.c:
#  Implicit rule search has been done.
#  Last modified 2023-01-16 03:28:47
#  File has been updated.
#  Successfully updated.
# variable set hash-table stats:
# Load=0/32=0%, Rehash=0, Collisions=0/0=0%

# Not a target:
push_swap.c:
#  Implicit rule search has been done.
#  Last modified 2023-01-23 11:51:59
#  File has been updated.
#  Successfully updated.
# variable set hash-table stats:
# Load=0/32=0%, Rehash=0, Collisions=0/0=0%

obj/ft_lstadd_front.o: ft_lstadd_front.c push_swap.h
#  Implicit rule search has been done.
#  Implicit/static pattern stem: `ft_lstadd_front'
#  Last modified 2023-01-23 11:55:14
#  File has been updated.
#  Successfully updated.
# variable set hash-table stats:
# Load=0/32=0%, Rehash=0, Collisions=0/0=0%
#  commands to execute (from `Makefile', line 50):
	${CC} ${CFLAGS} -c $< -o $@
	

all: obj/ push_swap
#  Command-line target.
#  Implicit rule search has been done.
#  File does not exist.
#  File has been updated.
#  Successfully updated.
# variable set hash-table stats:
# Load=0/32=0%, Rehash=0, Collisions=0/0=0%

# Not a target:
utils.c:
#  Implicit rule search has been done.
#  Last modified 2023-01-22 22:56:10
#  File has been updated.
#  Successfully updated.
# variable set hash-table stats:
# Load=0/32=0%, Rehash=0, Collisions=0/0=0%

.PHONY: fclean clean
#  Implicit rule search has not been done.
#  Modification time never checked.
#  File has not been updated.

obj/utils2.o: utils2.c push_swap.h
#  Implicit rule search has been done.
#  Implicit/static pattern stem: `utils2'
#  Last modified 2023-01-23 12:05:29
#  File has been updated.
#  Successfully updated.
# variable set hash-table stats:
# Load=0/32=0%, Rehash=0, Collisions=0/0=0%
#  commands to execute (from `Makefile', line 50):
	${CC} ${CFLAGS} -c $< -o $@
	

# Not a target:
ft_putstr_fd.c:
#  Implicit rule search has been done.
#  Last modified 2023-01-23 09:24:30
#  File has been updated.
#  Successfully updated.
# variable set hash-table stats:
# Load=0/32=0%, Rehash=0, Collisions=0/0=0%

obj/ft_putstr_fd.o: ft_putstr_fd.c push_swap.h
#  Implicit rule search has been done.
#  Implicit/static pattern stem: `ft_putstr_fd'
#  Last modified 2023-01-23 11:55:14
#  File has been updated.
#  Successfully updated.
# variable set hash-table stats:
# Load=0/32=0%, Rehash=0, Collisions=0/0=0%
#  commands to execute (from `Makefile', line 50):
	${CC} ${CFLAGS} -c $< -o $@
	

obj/push_swap.o: push_swap.c push_swap.h
#  Implicit rule search has been done.
#  Implicit/static pattern stem: `push_swap'
#  Last modified 2023-01-23 11:55:15
#  File has been updated.
#  Successfully updated.
# variable set hash-table stats:
# Load=0/32=0%, Rehash=0, Collisions=0/0=0%
#  commands to execute (from `Makefile', line 50):
	${CC} ${CFLAGS} -c $< -o $@
	

# Not a target:
push_swap.h:
#  Implicit rule search has been done.
#  Last modified 2023-01-23 09:22:12
#  File has been updated.
#  Successfully updated.
# variable set hash-table stats:
# Load=0/32=0%, Rehash=0, Collisions=0/0=0%

# Not a target:
obj/get_next_line.o:
#  Implicit rule search has not been done.
#  Modification time never checked.
#  File has not been updated.

# Not a target:
ft_atoi.c:
#  Implicit rule search has been done.
#  Last modified 2023-01-22 19:29:02
#  File has been updated.
#  Successfully updated.
# variable set hash-table stats:
# Load=0/32=0%, Rehash=0, Collisions=0/0=0%

# Not a target:
.SUFFIXES:
#  Implicit rule search has not been done.
#  Modification time never checked.
#  File has not been updated.

obj/ft_atoi.o: ft_atoi.c push_swap.h
#  Implicit rule search has been done.
#  Implicit/static pattern stem: `ft_atoi'
#  Last modified 2023-01-23 11:55:14
#  File has been updated.
#  Successfully updated.
# variable set hash-table stats:
# Load=0/32=0%, Rehash=0, Collisions=0/0=0%
#  commands to execute (from `Makefile', line 50):
	${CC} ${CFLAGS} -c $< -o $@
	

# Not a target:
Makefile:
#  Implicit rule search has been done.
#  Last modified 2023-01-23 12:00:16
#  File has been updated.
#  Successfully updated.
# variable set hash-table stats:
# Load=0/32=0%, Rehash=0, Collisions=0/0=0%

# Not a target:
ft_lstadd_back.c:
#  Implicit rule search has been done.
#  Last modified 2023-01-22 19:24:52
#  File has been updated.
#  Successfully updated.
# variable set hash-table stats:
# Load=0/32=0%, Rehash=0, Collisions=0/0=0%

obj/ft_lstadd_back.o: ft_lstadd_back.c push_swap.h
#  Implicit rule search has been done.
#  Implicit/static pattern stem: `ft_lstadd_back'
#  Last modified 2023-01-23 11:55:14
#  File has been updated.
#  Successfully updated.
# variable set hash-table stats:
# Load=0/32=0%, Rehash=0, Collisions=0/0=0%
#  commands to execute (from `Makefile', line 50):
	${CC} ${CFLAGS} -c $< -o $@
	

# Not a target:
instriction2.c:
#  Implicit rule search has been done.
#  Last modified 2023-01-23 10:34:35
#  File has been updated.
#  Successfully updated.
# variable set hash-table stats:
# Load=0/32=0%, Rehash=0, Collisions=0/0=0%

obj/ft_lstlast.o: ft_lstlast.c push_swap.h
#  Implicit rule search has been done.
#  Implicit/static pattern stem: `ft_lstlast'
#  Last modified 2023-01-23 11:55:14
#  File has been updated.
#  Successfully updated.
# variable set hash-table stats:
# Load=0/32=0%, Rehash=0, Collisions=0/0=0%
#  commands to execute (from `Makefile', line 50):
	${CC} ${CFLAGS} -c $< -o $@
	

obj/easy_sort.o: easy_sort.c push_swap.h
#  Implicit rule search has been done.
#  Implicit/static pattern stem: `easy_sort'
#  Last modified 2023-01-23 11:55:14
#  File has been updated.
#  Successfully updated.
# variable set hash-table stats:
# Load=0/32=0%, Rehash=0, Collisions=0/0=0%
#  commands to execute (from `Makefile', line 50):
	${CC} ${CFLAGS} -c $< -o $@
	

fclean_BNS: clean_BNS
#  Implicit rule search has not been done.
#  Modification time never checked.
#  File has not been updated.
#  commands to execute (from `Makefile', line 56):
	${RM} ${NAME_BNS}
	

# Not a target:
obj/checker.o:
#  Implicit rule search has not been done.
#  Modification time never checked.
#  File has not been updated.

# Not a target:
ft_five_numbers.c:
#  Implicit rule search has been done.
#  Last modified 2023-01-23 01:06:54
#  File has been updated.
#  Successfully updated.
# variable set hash-table stats:
# Load=0/32=0%, Rehash=0, Collisions=0/0=0%

# Not a target:
ft_lstlast.c:
#  Implicit rule search has been done.
#  Last modified 2023-01-20 10:15:10
#  File has been updated.
#  Successfully updated.
# variable set hash-table stats:
# Load=0/32=0%, Rehash=0, Collisions=0/0=0%

bonus: obj/ checker
#  Implicit rule search has not been done.
#  Modification time never checked.
#  File has not been updated.

obj/ft_five_numbers.o: ft_five_numbers.c push_swap.h
#  Implicit rule search has been done.
#  Implicit/static pattern stem: `ft_five_numbers'
#  Last modified 2023-01-23 11:55:15
#  File has been updated.
#  Successfully updated.
# variable set hash-table stats:
# Load=0/32=0%, Rehash=0, Collisions=0/0=0%
#  commands to execute (from `Makefile', line 50):
	${CC} ${CFLAGS} -c $< -o $@
	

fclean: clean
#  Phony target (prerequisite of .PHONY).
#  Implicit rule search has not been done.
#  File does not exist.
#  File has not been updated.
#  commands to execute (from `Makefile', line 53):
	${RM} ${NAME} ${NAME_BNS}
	

obj/:
#  Implicit rule search has not been done.
#  Last modified 2023-01-23 12:07:16
#  File has been updated.
#  Successfully updated.
#  commands to execute (from `Makefile', line 44):
	@mkdir $(OBJ_DIR)
	

# Not a target:
ft_big_sort.c:
#  Implicit rule search has been done.
#  Last modified 2023-01-22 22:42:08
#  File has been updated.
#  Successfully updated.
# variable set hash-table stats:
# Load=0/32=0%, Rehash=0, Collisions=0/0=0%

obj/instriction.o: instriction.c push_swap.h
#  Implicit rule search has been done.
#  Implicit/static pattern stem: `instriction'
#  Last modified 2023-01-23 11:55:14
#  File has been updated.
#  Successfully updated.
 
# variable set hash-table stats:
# Load=0/32=0%, Rehash=0, Collisions=0/0=0%
#  commands to execute (from `Makefile', line 50):
	${CC} ${CFLAGS} -c $< -o $@
	

obj/ft_big_sort.o: ft_big_sort.c push_swap.h
#  Implicit rule search has been done.
#  Implicit/static pattern stem: `ft_big_sort'
#  Last modified 2023-01-23 11:55:14
#  File has been updated.
#  Successfully updated.
# variable set hash-table stats:
# Load=0/32=0%, Rehash=0, Collisions=0/0=0%
#  commands to execute (from `Makefile', line 50):
	${CC} ${CFLAGS} -c $< -o $@
	

# Not a target:
big_sort.c:
#  Implicit rule search has been done.
#  Last modified 2023-01-22 22:59:42
#  File has been updated.
#  Successfully updated.
# variable set hash-table stats:
# Load=0/32=0%, Rehash=0, Collisions=0/0=0%

# Not a target:
ft_split.c:
#  Implicit rule search has been done.
#  Last modified 2023-01-23 08:54:14
#  File has been updated.
#  Successfully updated.
# variable set hash-table stats:
# Load=0/32=0%, Rehash=0, Collisions=0/0=0%

obj/ft_split.o: ft_split.c push_swap.h
#  Implicit rule search has been done.
#  Implicit/static pattern stem: `ft_split'
#  Last modified 2023-01-23 11:55:15
#  File has been updated.
#  Successfully updated.
# variable set hash-table stats:
# Load=0/32=0%, Rehash=0, Collisions=0/0=0%
#  commands to execute (from `Makefile', line 50):
	${CC} ${CFLAGS} -c $< -o $@
	

# Not a target:
utils2.c:
#  Implicit rule search has been done.
#  Last modified 2023-01-23 12:05:25
#  File has been updated.
#  Successfully updated.
# variable set hash-table stats:
# Load=0/32=0%, Rehash=0, Collisions=0/0=0%

# Not a target:
.DEFAULT:
#  Implicit rule search has not been done.
#  Modification time never checked.
#  File has not been updated.

clean_BNS:
#  Implicit rule search has not been done.
#  Modification time never checked.
#  File has not been updated.
#  commands to execute (from `Makefile', line 61):
	${RM} ${OBJ_BNS}
	

checker: obj/checker.o obj/ft_atoi.o obj/big_sort.o obj/ft_lstadd_back.o obj/ft_lstadd_front.o obj/ft_lstlast.o obj/ft_lstsize.o obj/instriction.o obj/instriction2.o obj/push_swap_utils.o obj/utils.o obj/ft_lstnew.o obj/ft_putstr_fd.o obj/get_next_line.o obj/get_next_line_utils.o obj/utils2.o obj/ft_split.o
#  Implicit rule search has not been done.
#  Modification time never checked.
#  File has not been updated.
#  commands to execute (from `Makefile', line 47):
	${CC} ${CFLAGS} ${BOBJS} -o $@
	

re: fclean fclean_BNS all bonus
#  Implicit rule search has not been done.
#  Modification time never checked.
#  File has not been updated.

clean:
#  Phony target (prerequisite of .PHONY).
#  Implicit rule search has not been done.
#  File does not exist.
#  File has not been updated.
#  commands to execute (from `Makefile', line 59):
	${RM} ${OBJ_DIR}
	

obj/utils.o: utils.c push_swap.h
#  Implicit rule search has been done.
#  Implicit/static pattern stem: `utils'
#  Last modified 2023-01-23 11:55:14
#  File has been updated.
#  Successfully updated.
# variable set hash-table stats:
# Load=0/32=0%, Rehash=0, Collisions=0/0=0%
#  commands to execute (from `Makefile', line 50):
	${CC} ${CFLAGS} -c $< -o $@
	

# Not a target:
push_swap_utils.c:
#  Implicit rule search has been done.
#  Last modified 2023-01-23 12:00:52
#  File has been updated.
#  Successfully updated.
# variable set hash-table stats:
# Load=0/32=0%, Rehash=0, Collisions=0/0=0%

push_swap: obj/ft_atoi.o obj/big_sort.o obj/ft_lstadd_back.o obj/ft_lstadd_front.o obj/ft_lstlast.o obj/ft_lstsize.o obj/instriction.o obj/instriction2.o obj/push_swap_utils.o obj/utils.o obj/ft_lstnew.o obj/ft_putstr_fd.o obj/ft_big_sort.o obj/easy_sort.o obj/push_swap.o obj/ft_five_numbers.o obj/utils2.o obj/get_next_line_utils.o obj/ft_split.o
#  Implicit rule search has not been done.
#  Last modified 2023-01-23 12:05:29
#  File has been updated.
#  Successfully updated.
# variable set hash-table stats:
# Load=0/32=0%, Rehash=0, Collisions=0/0=0%
#  commands to execute (from `Makefile', line 39):
	${CC} ${CFLAGS} ${OBJS} -o $@
	

# Not a target:
ft_lstnew.c:
#  Implicit rule search has been done.
#  Last modified 2023-01-22 22:44:49
#  File has been updated.
#  Successfully updated.
# variable set hash-table stats:
# Load=0/32=0%, Rehash=0, Collisions=0/0=0%

obj/ft_lstnew.o: ft_lstnew.c push_swap.h
#  Implicit rule search has been done.
#  Implicit/static pattern stem: `ft_lstnew'
#  Last modified 2023-01-23 11:55:14
#  File has been updated.
#  Successfully updated.
# variable set hash-table stats:
# Load=0/32=0%, Rehash=0, Collisions=0/0=0%
#  commands to execute (from `Makefile', line 50):
	${CC} ${CFLAGS} -c $< -o $@
	

obj/big_sort.o: big_sort.c push_swap.h
#  Implicit rule search has been done.
#  Implicit/static pattern stem: `big_sort'
#  Last modified 2023-01-23 11:55:14
#  File has been updated.
#  Successfully updated.
# variable set hash-table stats:
# Load=0/32=0%, Rehash=0, Collisions=0/0=0%
#  commands to execute (from `Makefile', line 50):
	${CC} ${CFLAGS} -c $< -o $@
	

# Not a target:
instriction.c:
#  Implicit rule search has been done.
#  Last modified 2023-01-23 10:31:29
#  File has been updated.
#  Successfully updated.
# variable set hash-table stats:
# Load=0/32=0%, Rehash=0, Collisions=0/0=0%

obj/push_swap_utils.o: push_swap_utils.c push_swap.h
#  Implicit rule search has been done.
#  Implicit/static pattern stem: `push_swap_utils'
#  Last modified 2023-01-23 12:02:10
#  File has been updated.
#  Successfully updated.
# variable set hash-table stats:
# Load=0/32=0%, Rehash=0, Collisions=0/0=0%
#  commands to execute (from `Makefile', line 50):
	${CC} ${CFLAGS} -c $< -o $@
	

obj/get_next_line_utils.o: get_next_line_utils.c push_swap.h
#  Implicit rule search has been done.
#  Implicit/static pattern stem: `get_next_line_utils'
#  Last modified 2023-01-23 11:55:15
#  File has been updated.
#  Successfully updated.
# variable set hash-table stats:
# Load=0/32=0%, Rehash=0, Collisions=0/0=0%
#  commands to execute (from `Makefile', line 50):
	${CC} ${CFLAGS} -c $< -o $@
	

# Not a target:
easy_sort.c:
#  Implicit rule search has been done.
#  Last modified 2023-01-20 02:21:33
#  File has been updated.
#  Successfully updated.
# variable set hash-table stats:
# Load=0/32=0%, Rehash=0, Collisions=0/0=0%

# Not a target:
get_next_line_utils.c:
#  Implicit rule search has been done.
#  Last modified 2023-01-23 11:26:38
#  File has been updated.
#  Successfully updated.
# variable set hash-table stats:
# Load=0/32=0%, Rehash=0, Collisions=0/0=0%

# Not a target:
ft_lstsize.c:
#  Implicit rule search has been done.
#  Last modified 2023-01-16 03:47:03
#  File has been updated.
#  Successfully updated.
# variable set hash-table stats:
# Load=0/32=0%, Rehash=0, Collisions=0/0=0%

obj/ft_lstsize.o: ft_lstsize.c push_swap.h
#  Implicit rule search has been done.
#  Implicit/static pattern stem: `ft_lstsize'
#  Last modified 2023-01-23 11:55:14
#  File has been updated.
#  Successfully updated.
# variable set hash-table stats:
# Load=0/32=0%, Rehash=0, Collisions=0/0=0%
#  commands to execute (from `Makefile', line 50):
	${CC} ${CFLAGS} -c $< -o $@
	

obj/instriction2.o: instriction2.c push_swap.h
#  Implicit rule search has been done.
#  Implicit/static pattern stem: `instriction2'
#  Last modified 2023-01-23 11:55:14
#  File has been updated.
#  Successfully updated.
# variable set hash-table stats:
# Load=0/32=0%, Rehash=0, Collisions=0/0=0%
#  commands to execute (from `Makefile', line 50):
	${CC} ${CFLAGS} -c $< -o $@
	

# files hash-table stats:
# Load=55/1024=5%, Rehash=0, Collisions=12/211=6%
# VPATH Search Paths

# No `vpath' search paths.

# No general (`VPATH' variable) search path.

# # of strings in strcache: 1
# # of strcache buffers: 1
# strcache size: total = 4096 / max = 4096 / min = 4096 / avg = 4096
# strcache free: total = 4087 / max = 4087 / min = 4087 / avg = 4087

# Finished Make data base on Mon Jan 23 12:16:12 2023

 
